Сборка начата 12.12.2020 10:59:39.
     1>Проект "C:\Users\Home\Desktop\pi92\3 семестр\программирование\лаба 13\с++\с++\с++.vcxproj" в узле 2 (целевые объекты Build).
     1>ClCompile:
         C:\Program Files (x86)\Microsoft Visual Studio 12.0\VC\bin\CL.exe /c /ZI /W0 /WX- /sdl- /Od /Oy- /D WIN32 /D _DEBUG /D _CONSOLE /D _LIB /D _UNICODE /D UNICODE /Gm /EHsc /RTC1 /MDd /GS /fp:precise /Zc:wchar_t /Zc:forScope /Yc"stdafx.h" /Fp"Debug\с++.pch" /Fo"Debug\\" /Fd"Debug\vc120.pdb" /Gd /TP /analyze- /errorReport:prompt stdafx.cpp
         Оптимизирующий компилятор Microsoft (R) C/C++ версии 18.00.21005.1 для x86
         (C) Корпорация Майкрософт (Microsoft Corporation).  Все права защищены.
         
         cl /c /ZI /W0 /WX- /sdl- /Od /Oy- /D WIN32 /D _DEBUG /D _CONSOLE /D _LIB /D _UNICODE /D UNICODE /Gm /EHsc /RTC1 /MDd /GS /fp:precise /Zc:wchar_t /Zc:forScope /Yc"stdafx.h" /Fp"Debug\с++.pch" /Fo"Debug\\" /Fd"Debug\vc120.pdb" /Gd /TP /analyze- /errorReport:prompt stdafx.cpp
         
         stdafx.cpp
         C:\Program Files (x86)\Microsoft Visual Studio 12.0\VC\bin\CL.exe /c /ZI /W0 /WX- /sdl- /Od /Oy- /D WIN32 /D _DEBUG /D _CONSOLE /D _LIB /D _UNICODE /D UNICODE /Gm /EHsc /RTC1 /MDd /GS /fp:precise /Zc:wchar_t /Zc:forScope /Yu"stdafx.h" /Fp"Debug\с++.pch" /Fo"Debug\\" /Fd"Debug\vc120.pdb" /Gd /TP /analyze- /errorReport:prompt "с++.cpp"
         Оптимизирующий компилятор Microsoft (R) C/C++ версии 18.00.21005.1 для x86
         (C) Корпорация Майкрософт (Microsoft Corporation).  Все права защищены.
         
         cl /c /ZI /W0 /WX- /sdl- /Od /Oy- /D WIN32 /D _DEBUG /D _CONSOLE /D _LIB /D _UNICODE /D UNICODE /Gm /EHsc /RTC1 /MDd /GS /fp:precise /Zc:wchar_t /Zc:forScope /Yu"stdafx.h" /Fp"Debug\с++.pch" /Fo"Debug\\" /Fd"Debug\vc120.pdb" /Gd /TP /analyze- /errorReport:prompt "с++.cpp"
         
         с++.cpp
       Link:
         C:\Program Files (x86)\Microsoft Visual Studio 12.0\VC\bin\link.exe /ERRORREPORT:PROMPT /OUT:"C:\Users\Home\Desktop\pi92\3 семестр\программирование\лаба 13\с++\Debug\с++.exe" /INCREMENTAL /NOLOGO kernel32.lib user32.lib gdi32.lib winspool.lib comdlg32.lib advapi32.lib shell32.lib ole32.lib oleaut32.lib uuid.lib odbc32.lib odbccp32.lib /MANIFEST /MANIFESTUAC:"level='asInvoker' uiAccess='false'" /manifest:embed /DEBUG /PDB:"C:\Users\Home\Desktop\pi92\3 семестр\программирование\лаба 13\с++\Debug\с++.pdb" /SUBSYSTEM:CONSOLE /TLBID:1 /DYNAMICBASE /NXCOMPAT /IMPLIB:"C:\Users\Home\Desktop\pi92\3 семестр\программирование\лаба 13\с++\Debug\с++.lib" /MACHINE:X86 Debug\stdafx.obj
         "Debug\с++.obj"
         с++.vcxproj -> C:\Users\Home\Desktop\pi92\3 семестр\программирование\лаба 13\с++\Debug\с++.exe
     1>Сборка проекта "C:\Users\Home\Desktop\pi92\3 семестр\программирование\лаба 13\с++\с++\с++.vcxproj" завершена (целевые объекты Build).

Сборка успешно завершена.

Затраченное время: 00:00:06.06
